<?xml version="1.0" encoding="UTF-8" ?>
<testsuite tests="9" failures="0" name="dtu.house.HouseImplementationUnitTest" time="0" errors="0" skipped="0">
  <properties>
[...]
</properties>
  <testcase classname="dtu.house.HouseImplementationUnitTest" name="testToggleArmTwice" time="0"/>
  <testcase classname="dtu.house.HouseImplementationUnitTest" name="testGetArmStatus" time="0"/>
  <testcase classname="dtu.house.HouseImplementationUnitTest" name="testGetAddress" time="0"/>
  <testcase classname="dtu.house.HouseImplementationUnitTest" name="testSetHouseTime" time="0"/>
  <testcase classname="dtu.house.HouseImplementationUnitTest" name="testCreate" time="0"/>
  <testcase classname="dtu.house.HouseImplementationUnitTest" name="testGetHouseID" time="0"/>
  <testcase classname="dtu.house.HouseImplementationUnitTest" name="testToggleArm" time="0"/>
  <testcase classname="dtu.house.HouseImplementationUnitTest" name="testGetWarningTime" time="0"/>
  <testcase classname="dtu.house.HouseImplementationUnitTest" name="testMofiyWarningTime" time="0"/>
</testsuite>